Using pre-set license
Built from '2022.3/release' branch; Version is '2022.3.20f1 (61c2feb0970d) revision 6406910'; Using compiler version '192829333'; Build Type 'Release'
OS: 'Windows 10  (10.0.19045) 64bit Professional' Language: 'en' Physical Memory: 16335 MB
BatchMode: 1, IsHumanControllingUs: 0, StartBugReporterOnCrash: 0, Is64bit: 1, IsPro: 1

COMMAND LINE ARGUMENTS:
D:\Install\Unity Hub\2022.3.20f1\Editor\Unity.exe
-adb2
-batchMode
-noUpm
-name
AssetImportWorker0
-projectPath
D:/Outsource_PlayableAds/SuperGame/2/NutsPuzzle
-logFile
Logs/AssetImportWorker0.log
-srvPort
63467
Successfully changed project path to: D:/Outsource_PlayableAds/SuperGame/2/NutsPuzzle
D:/Outsource_PlayableAds/SuperGame/2/NutsPuzzle
[UnityMemory] Configuration Parameters - Can be set up in boot.config
    "memorysetup-bucket-allocator-granularity=16"
    "memorysetup-bucket-allocator-bucket-count=8"
    "memorysetup-bucket-allocator-block-size=33554432"
    "memorysetup-bucket-allocator-block-count=8"
    "memorysetup-main-allocator-block-size=16777216"
    "memorysetup-thread-allocator-block-size=16777216"
    "memorysetup-gfx-main-allocator-block-size=16777216"
    "memorysetup-gfx-thread-allocator-block-size=16777216"
    "memorysetup-cache-allocator-block-size=4194304"
    "memorysetup-typetree-allocator-block-size=2097152"
    "memorysetup-profiler-bucket-allocator-granularity=16"
    "memorysetup-profiler-bucket-allocator-bucket-count=8"
    "memorysetup-profiler-bucket-allocator-block-size=33554432"
    "memorysetup-profiler-bucket-allocator-block-count=8"
    "memorysetup-profiler-allocator-block-size=16777216"
    "memorysetup-profiler-editor-allocator-block-size=1048576"
    "memorysetup-temp-allocator-size-main=16777216"
    "memorysetup-job-temp-allocator-block-size=2097152"
    "memorysetup-job-temp-allocator-block-size-background=1048576"
    "memorysetup-job-temp-allocator-reduction-small-platforms=262144"
    "memorysetup-allocator-temp-initial-block-size-main=262144"
    "memorysetup-allocator-temp-initial-block-size-worker=262144"
    "memorysetup-temp-allocator-size-background-worker=32768"
    "memorysetup-temp-allocator-size-job-worker=262144"
    "memorysetup-temp-allocator-size-preload-manager=33554432"
    "memorysetup-temp-allocator-size-nav-mesh-worker=65536"
    "memorysetup-temp-allocator-size-audio-worker=65536"
    "memorysetup-temp-allocator-size-cloud-worker=32768"
    "memorysetup-temp-allocator-size-gi-baking-worker=262144"
    "memorysetup-temp-allocator-size-gfx=262144"
Player connection [4552] Host "[IP] 192.168.0.104 [Port] 0 [Flags] 2 [Guid] 2983386546 [EditorId] 2983386546 [Version] 1048832 [Id] WindowsEditor(7,DESKTOP-4JR0R55) [Debug] 1 [PackageName] WindowsEditor [ProjectName] Editor" joined multi-casting on [225.0.0.222:54997]...

Player connection [4552] Host "[IP] 192.168.0.104 [Port] 0 [Flags] 2 [Guid] 2983386546 [EditorId] 2983386546 [Version] 1048832 [Id] WindowsEditor(7,DESKTOP-4JR0R55) [Debug] 1 [PackageName] WindowsEditor [ProjectName] Editor" joined alternative multi-casting on [225.0.0.222:34997]...

[Physics::Module] Initialized MultithreadedJobDispatcher with 11 workers.
Refreshing native plugins compatible for Editor in 13.68 ms, found 3 plugins.
Preloading 0 native plugins for Editor in 0.00 ms.
Initialize engine version: 2022.3.20f1 (61c2feb0970d)
[Subsystems] Discovering subsystems at path D:/Install/Unity Hub/2022.3.20f1/Editor/Data/Resources/UnitySubsystems
[Subsystems] Discovering subsystems at path D:/Outsource_PlayableAds/SuperGame/2/NutsPuzzle/Assets
GfxDevice: creating device client; threaded=0; jobified=0
Direct3D:
    Version:  Direct3D 11.0 [level 11.1]
    Renderer: NVIDIA GeForce GTX 1060 3GB (ID=0x1c02)
    Vendor:   NVIDIA
    VRAM:     2988 MB
    Driver:   27.21.14.5751
Initialize mono
Mono path[0] = 'D:/Install/Unity Hub/2022.3.20f1/Editor/Data/Managed'
Mono path[1] = 'D:/Install/Unity Hub/2022.3.20f1/Editor/Data/MonoBleedingEdge/lib/mono/unityjit-win32'
Mono config path = 'D:/Install/Unity Hub/2022.3.20f1/Editor/Data/MonoBleedingEdge/etc'
Using monoOptions --debugger-agent=transport=dt_socket,embedding=1,server=y,suspend=n,address=127.0.0.1:56520
Begin MonoManager ReloadAssembly
Registering precompiled unity dll's ...
Register platform support module: D:/Install/Unity Hub/2022.3.20f1/Editor/Data/PlaybackEngines/WindowsStandaloneSupport/UnityEditor.WindowsStandalone.Extensions.dll
Registered in 0.006628 seconds.
- Loaded All Assemblies, in  0.415 seconds
Native extension for WindowsStandalone target not found
Mono: successfully reloaded assembly
- Finished resetting the current domain, in  0.367 seconds
Domain Reload Profiling: 782ms
	BeginReloadAssembly (129ms)
		ExecutionOrderSort (0ms)
		DisableScriptedObjects (0ms)
		BackupInstance (0ms)
		ReleaseScriptingObjects (0ms)
		CreateAndSetChildDomain (1ms)
	RebuildCommonClasses (45ms)
	RebuildNativeTypeToScriptingClass (13ms)
	initialDomainReloadingComplete (66ms)
	LoadAllAssembliesAndSetupDomain (161ms)
		LoadAssemblies (127ms)
		RebuildTransferFunctionScriptingTraits (0ms)
		AnalyzeDomain (159ms)
			TypeCache.Refresh (157ms)
				TypeCache.ScanAssembly (143ms)
			ScanForSourceGeneratedMonoScriptInfo (0ms)
			ResolveRequiredComponents (1ms)
	FinalizeReload (367ms)
		ReleaseScriptCaches (0ms)
		RebuildScriptCaches (0ms)
		SetupLoadedEditorAssemblies (285ms)
			LogAssemblyErrors (0ms)
			InitializePlatformSupportModulesInManaged (13ms)
			SetLoadedEditorAssemblies (11ms)
			RefreshPlugins (0ms)
			BeforeProcessingInitializeOnLoad (4ms)
			ProcessInitializeOnLoadAttributes (195ms)
			ProcessInitializeOnLoadMethodAttributes (62ms)
			AfterProcessingInitializeOnLoad (0ms)
			EditorAssembliesLoaded (0ms)
		ExecutionOrderSort2 (0ms)
		AwakeInstancesAfterBackupRestoration (0ms)
========================================================================
Worker process is ready to serve import requests
Begin MonoManager ReloadAssembly
- Loaded All Assemblies, in  0.870 seconds
Refreshing native plugins compatible for Editor in 4.09 ms, found 3 plugins.
Native extension for WindowsStandalone target not found
Package Manager log level set to [2]
[Package Manager] Server::EnsureServerProcessIsRunning -- launch failed, reason: Unity was launched with the -noUpm command-line argument
[Package Manager] UpmClient::Send -- Unable to send message (not connected to UPM process).
[Package Manager] Cannot connect to Unity Package Manager local server
Invalid AssetDatabase path: D:\Outsource_PlayableAds\SuperGame\2\NutsPuzzle\Assets\Spine\package.json. Use path relative to the project folder.
UnityEngine.StackTraceUtility:ExtractStackTrace ()
UnityEditor.AssetDatabase:LoadAssetAtPath<UnityEngine.TextAsset> (string)
 . ⁔:  ()
 .⁤:  ()
 .⁤:.cctor ()
System.Runtime.CompilerServices.RuntimeHelpers:RunClassConstructor (System.RuntimeTypeHandle)
UnityEditor.EditorAssemblies:ProcessInitializeOnLoadAttributes (System.Type[])

[C:\build\output\unity\unity\Modules\AssetDatabase\Editor\ScriptBindings\AssetDatabase.bindings.h line 45]

[Package Manager] Server::EnsureServerProcessIsRunning -- launch failed, reason: Unity was launched with the -noUpm command-line argument
[Package Manager] UpmClient::Send -- Unable to send message (not connected to UPM process).
[Package Manager] Cannot connect to Unity Package Manager local server
Failed to sync packages list
UnityEngine.StackTraceUtility:ExtractStackTrace ()
UnityEngine.DebugLogHandler:LogFormat (UnityEngine.LogType,UnityEngine.Object,string,object[])
UnityEngine.Logger:Log (UnityEngine.LogType,object)
UnityEngine.Debug:LogWarning (object)
 .  / :MoveNext ()
System.Runtime.CompilerServices.AsyncTaskMethodBuilder:Start< .  / > ( .  / &)
 .  :  ()
 .⁤/ :MoveNext ()
System.Runtime.CompilerServices.AsyncTaskMethodBuilder:Start< .⁤/ > ( .⁤/ &)
 .⁤:  ()
System.Reflection.RuntimeMethodInfo:Invoke (object,System.Reflection.BindingFlags,System.Reflection.Binder,object[],System.Globalization.CultureInfo)
System.Reflection.MethodBase:Invoke (object,object[])
UnityEditor.EditorAssemblies:ProcessInitializeOnLoadMethodAttributes ()

Mono: successfully reloaded assembly
- Finished resetting the current domain, in  1.121 seconds
Domain Reload Profiling: 1991ms
	BeginReloadAssembly (177ms)
		ExecutionOrderSort (0ms)
		DisableScriptedObjects (8ms)
		BackupInstance (0ms)
		ReleaseScriptingObjects (0ms)
		CreateAndSetChildDomain (24ms)
	RebuildCommonClasses (43ms)
	RebuildNativeTypeToScriptingClass (13ms)
	initialDomainReloadingComplete (50ms)
	LoadAllAssembliesAndSetupDomain (585ms)
		LoadAssemblies (447ms)
		RebuildTransferFunctionScriptingTraits (0ms)
		AnalyzeDomain (240ms)
			TypeCache.Refresh (209ms)
				TypeCache.ScanAssembly (192ms)
			ScanForSourceGeneratedMonoScriptInfo (22ms)
			ResolveRequiredComponents (7ms)
	FinalizeReload (1122ms)
		ReleaseScriptCaches (0ms)
		RebuildScriptCaches (0ms)
		SetupLoadedEditorAssemblies (909ms)
			LogAssemblyErrors (0ms)
			InitializePlatformSupportModulesInManaged (7ms)
			SetLoadedEditorAssemblies (6ms)
			RefreshPlugins (0ms)
			BeforeProcessingInitializeOnLoad (136ms)
			ProcessInitializeOnLoadAttributes (692ms)
			ProcessInitializeOnLoadMethodAttributes (63ms)
			AfterProcessingInitializeOnLoad (4ms)
			EditorAssembliesLoaded (0ms)
		ExecutionOrderSort2 (0ms)
		AwakeInstancesAfterBackupRestoration (7ms)
Launched and connected shader compiler UnityShaderCompiler.exe after 0.06 seconds
Refreshing native plugins compatible for Editor in 3.73 ms, found 3 plugins.
Preloading 0 native plugins for Editor in 0.00 ms.
Unloading 3442 Unused Serialized files (Serialized files now loaded: 0)
Unloading 57 unused Assets / (1.3 MB). Loaded Objects now: 3924.
Memory consumption went from 154.4 MB to 153.1 MB.
Total: 5.946200 ms (FindLiveObjects: 0.465600 ms CreateObjectMapping: 0.179700 ms MarkObjects: 4.432400 ms  DeleteObjects: 0.866900 ms)

AssetImportParameters requested are different than current active one (requested -> active):
  custom:container-demuxer-ogg: 62fdf1f143b41e24485cea50d1cbac27 -> 
  custom:video-decoder-ogg-theora: a1e56fd34408186e4bbccfd4996cb3dc -> 
  custom:framework-win-MediaFoundation: 216162199b28c13a410421893ffa2e32 -> 
  custom:CustomObjectIndexerAttribute: 6d391050e5a25f67b0a2c618074f2cd9 -> 
  custom:container-demuxer-webm: 4f35f7cbe854078d1ac9338744f61a02 -> 
  custom:container-muxer-webm: aa71ff27fc2769a1b78a27578f13a17b -> 
  custom:video-decoder-webm-vp8: 9c59270c3fd7afecdb556c50c9e8de78 -> 
  custom:SearchIndexIgnoredProperties: e643bd26f0fe6173181afceb89e7c659 -> 
  custom:AudioImporter_EditorPlatform: d09bf68614088b80899f8185d706f6e7 -> 
  custom:video-encoder-webm-vp8: eb34c28f22e8b96e1ab97ce403110664 -> 
  custom:audio-decoder-ogg-vorbis: bf7c407c2cedff20999df2af8eb42d56 -> 
  custom:audio-encoder-webm-vorbis: bf7c407c2cedff20999df2af8eb42d56 -> 
========================================================================
Received Import Request.
  Time since last request: 344937.786949 seconds.
  path: Assets/Scenes/Oursource_2.unity
  artifactKey: Guid(0d75a96e3f2e46c40819d22bce394430) Importer(815301076,1909f56bfc062723c751e8b465ee728b)
Start importing Assets/Scenes/Oursource_2.unity using Guid(0d75a96e3f2e46c40819d22bce394430) Importer(815301076,1909f56bfc062723c751e8b465ee728b)  -> (artifact id: '07bf03427f2c5b16bdfabb0d574af64d') in 0.003004 seconds
Number of updated asset objects reloaded before import = 0
Number of asset objects unloaded after import = 0
========================================================================
Received Import Request.
  Time since last request: 2.994168 seconds.
  path: Assets/Scenes/Oursource_2 1.unity
  artifactKey: Guid(8bf96e7e9c8c4094dba4d1fe9726b945) Importer(815301076,1909f56bfc062723c751e8b465ee728b)
Start importing Assets/Scenes/Oursource_2 1.unity using Guid(8bf96e7e9c8c4094dba4d1fe9726b945) Importer(815301076,1909f56bfc062723c751e8b465ee728b)  -> (artifact id: 'd6e6abdebc5ba8c4f16f4f0c01ae712d') in 0.000563 seconds
Number of updated asset objects reloaded before import = 0
Number of asset objects unloaded after import = 0
========================================================================
Received Import Request.
  Time since last request: 5.138978 seconds.
  path: Assets/Scenes/Oursource_4.unity
  artifactKey: Guid(8bf96e7e9c8c4094dba4d1fe9726b945) Importer(815301076,1909f56bfc062723c751e8b465ee728b)
Start importing Assets/Scenes/Oursource_4.unity using Guid(8bf96e7e9c8c4094dba4d1fe9726b945) Importer(815301076,1909f56bfc062723c751e8b465ee728b)  -> (artifact id: 'c10bbd9f8fa9bfebb8377ca3b749df5c') in 0.000545 seconds
Number of updated asset objects reloaded before import = 0
Number of asset objects unloaded after import = 0
========================================================================
Received Import Request.
  Time since last request: 1.259953 seconds.
  path: Assets/Scenes/SampleScene.unity
  artifactKey: Guid(9fc0d4010bbf28b4594072e72b8655ab) Importer(815301076,1909f56bfc062723c751e8b465ee728b)
Start importing Assets/Scenes/SampleScene.unity using Guid(9fc0d4010bbf28b4594072e72b8655ab) Importer(815301076,1909f56bfc062723c751e8b465ee728b)  -> (artifact id: 'a85bec50c8be757587fedfaade313866') in 0.000494 seconds
Number of updated asset objects reloaded before import = 0
Number of asset objects unloaded after import = 0
========================================================================
Received Import Request.
  Time since last request: 237.095510 seconds.
  path: Assets/OURSOURCE/cage__map
  artifactKey: Guid(02a328a82667f5745bc26376840450f3) Importer(815301076,1909f56bfc062723c751e8b465ee728b)
Start importing Assets/OURSOURCE/cage__map using Guid(02a328a82667f5745bc26376840450f3) Importer(815301076,1909f56bfc062723c751e8b465ee728b)  -> (artifact id: '1bf342a19da698ced5e8da8eb2eb1077') in 0.000497 seconds
Number of updated asset objects reloaded before import = 0
Number of asset objects unloaded after import = 0
========================================================================
Received Import Request.
  Time since last request: 25.053913 seconds.
  path: Assets/OURSOURCE/cage__map/Thanh gỗ k lỗ/wood_1.png
  artifactKey: Guid(7bbb26c2708999844bb96e8d28c4e116) Importer(815301076,1909f56bfc062723c751e8b465ee728b)
Start importing Assets/OURSOURCE/cage__map/Thanh gỗ k lỗ/wood_1.png using Guid(7bbb26c2708999844bb96e8d28c4e116) Importer(815301076,1909f56bfc062723c751e8b465ee728b)  -> (artifact id: '3fe4ba462f415e04f38ccf6e1580d7db') in 0.076017 seconds
Number of updated asset objects reloaded before import = 0
Number of asset objects unloaded after import = 2
========================================================================
Received Import Request.
  Time since last request: 2.367876 seconds.
  path: Assets/OURSOURCE/cage__map/Thanh gỗ k lỗ/wood_33.png
  artifactKey: Guid(a23d586ee9f6e7c4b9713568a4fcf1fc) Importer(815301076,1909f56bfc062723c751e8b465ee728b)
Start importing Assets/OURSOURCE/cage__map/Thanh gỗ k lỗ/wood_33.png using Guid(a23d586ee9f6e7c4b9713568a4fcf1fc) Importer(815301076,1909f56bfc062723c751e8b465ee728b)  -> (artifact id: 'ed616ba075d648888d00ef33206d0f9b') in 0.337023 seconds
Number of updated asset objects reloaded before import = 0
Number of asset objects unloaded after import = 2
========================================================================
Received Import Request.
  Time since last request: 7.215846 seconds.
  path: Assets/OURSOURCE/cage__map/Thanh gỗ k lỗ/wood_33.png
  artifactKey: Guid(a23d586ee9f6e7c4b9713568a4fcf1fc) Importer(815301076,1909f56bfc062723c751e8b465ee728b)
Start importing Assets/OURSOURCE/cage__map/Thanh gỗ k lỗ/wood_33.png using Guid(a23d586ee9f6e7c4b9713568a4fcf1fc) Importer(815301076,1909f56bfc062723c751e8b465ee728b)  -> (artifact id: 'b916910394b3501f81931a478feb070c') in 0.037907 seconds
Number of updated asset objects reloaded before import = 0
Number of asset objects unloaded after import = 3
========================================================================
Received Import Request.
  Time since last request: 5.912107 seconds.
  path: Assets/OURSOURCE/Art/Obj/download.png
  artifactKey: Guid(b7bc584aa714ffe4ab77fe221e00fc40) Importer(815301076,1909f56bfc062723c751e8b465ee728b)
Start importing Assets/OURSOURCE/Art/Obj/download.png using Guid(b7bc584aa714ffe4ab77fe221e00fc40) Importer(815301076,1909f56bfc062723c751e8b465ee728b)  -> (artifact id: '171f8d35b3c1970a2018c380f17a4d41') in 0.020811 seconds
Number of updated asset objects reloaded before import = 0
Number of asset objects unloaded after import = 3
========================================================================
Received Import Request.
  Time since last request: 50.629597 seconds.
  path: Assets/OURSOURCE/cage__map/allMap.png
  artifactKey: Guid(07b891fdd09d42549bcdd63adfb93b4f) Importer(815301076,1909f56bfc062723c751e8b465ee728b)
Start importing Assets/OURSOURCE/cage__map/allMap.png using Guid(07b891fdd09d42549bcdd63adfb93b4f) Importer(815301076,1909f56bfc062723c751e8b465ee728b)  -> (artifact id: '2a3ca23d002fa6dd4013df96c0109715') in 0.032055 seconds
Number of updated asset objects reloaded before import = 0
Number of asset objects unloaded after import = 2
========================================================================
Received Import Request.
  Time since last request: 6.282834 seconds.
  path: Assets/OURSOURCE/cage__map/allMap.png
  artifactKey: Guid(07b891fdd09d42549bcdd63adfb93b4f) Importer(815301076,1909f56bfc062723c751e8b465ee728b)
Start importing Assets/OURSOURCE/cage__map/allMap.png using Guid(07b891fdd09d42549bcdd63adfb93b4f) Importer(815301076,1909f56bfc062723c751e8b465ee728b)  -> (artifact id: '34578c76b93b811941a4d4fcad2417be') in 0.039666 seconds
Number of updated asset objects reloaded before import = 0
Number of asset objects unloaded after import = 3
========================================================================
Received Import Request.
  Time since last request: 263.779719 seconds.
  path: Assets/OURSOURCE/cage__map/Thanh gỗ k lỗ/wood_1.png
  artifactKey: Guid(7bbb26c2708999844bb96e8d28c4e116) Importer(815301076,1909f56bfc062723c751e8b465ee728b)
Start importing Assets/OURSOURCE/cage__map/Thanh gỗ k lỗ/wood_1.png using Guid(7bbb26c2708999844bb96e8d28c4e116) Importer(815301076,1909f56bfc062723c751e8b465ee728b)  -> (artifact id: '46e8cf6c391850ab3c5e1ce3ebf2ae5a') in 0.036001 seconds
Number of updated asset objects reloaded before import = 0
Number of asset objects unloaded after import = 3
========================================================================
Received Import Request.
  Time since last request: 0.859686 seconds.
  path: Assets/OURSOURCE/cage__map/Thanh gỗ k lỗ/wood_2.png
  artifactKey: Guid(1ff941f74425ea740bdf98e4a028cec1) Importer(815301076,1909f56bfc062723c751e8b465ee728b)
Start importing Assets/OURSOURCE/cage__map/Thanh gỗ k lỗ/wood_2.png using Guid(1ff941f74425ea740bdf98e4a028cec1) Importer(815301076,1909f56bfc062723c751e8b465ee728b)  -> (artifact id: 'fadca18a7b7a3116c3aa155fb96418ad') in 0.011093 seconds
Number of updated asset objects reloaded before import = 0
Number of asset objects unloaded after import = 3
========================================================================
Received Import Request.
  Time since last request: 1.706003 seconds.
  path: Assets/OURSOURCE/cage__map/Thanh gỗ k lỗ/wood_3.png
  artifactKey: Guid(3224e7939df09b847aec14ab828e161c) Importer(815301076,1909f56bfc062723c751e8b465ee728b)
Start importing Assets/OURSOURCE/cage__map/Thanh gỗ k lỗ/wood_3.png using Guid(3224e7939df09b847aec14ab828e161c) Importer(815301076,1909f56bfc062723c751e8b465ee728b)  -> (artifact id: '45e318c6834a36fd898c0dfceb12b488') in 0.019515 seconds
Number of updated asset objects reloaded before import = 0
Number of asset objects unloaded after import = 3
========================================================================
Received Import Request.
  Time since last request: 0.422832 seconds.
  path: Assets/OURSOURCE/cage__map/Thanh gỗ k lỗ/wood_4.png
  artifactKey: Guid(e062fab81ebbb5649b17ef9fcdd6286d) Importer(815301076,1909f56bfc062723c751e8b465ee728b)
Start importing Assets/OURSOURCE/cage__map/Thanh gỗ k lỗ/wood_4.png using Guid(e062fab81ebbb5649b17ef9fcdd6286d) Importer(815301076,1909f56bfc062723c751e8b465ee728b)  -> (artifact id: 'f79690dc71b41ed425b03e735b2b6f5e') in 0.018213 seconds
Number of updated asset objects reloaded before import = 0
Number of asset objects unloaded after import = 3
========================================================================
Received Import Request.
  Time since last request: 1.334847 seconds.
  path: Assets/OURSOURCE/cage__map/Thanh gỗ k lỗ/wood_5.png
  artifactKey: Guid(ce563aac3010b05468beaf793f9d3a84) Importer(815301076,1909f56bfc062723c751e8b465ee728b)
Start importing Assets/OURSOURCE/cage__map/Thanh gỗ k lỗ/wood_5.png using Guid(ce563aac3010b05468beaf793f9d3a84) Importer(815301076,1909f56bfc062723c751e8b465ee728b)  -> (artifact id: '5b48a4d0ed8cd958bc2ce2900da00c5b') in 0.019120 seconds
Number of updated asset objects reloaded before import = 0
Number of asset objects unloaded after import = 3
========================================================================
Received Import Request.
  Time since last request: 0.403874 seconds.
  path: Assets/OURSOURCE/cage__map/Thanh gỗ k lỗ/wood_6.png
  artifactKey: Guid(179fe376db4508247891633161c1c45a) Importer(815301076,1909f56bfc062723c751e8b465ee728b)
Start importing Assets/OURSOURCE/cage__map/Thanh gỗ k lỗ/wood_6.png using Guid(179fe376db4508247891633161c1c45a) Importer(815301076,1909f56bfc062723c751e8b465ee728b)  -> (artifact id: '0073942c38bd46b859523e9edbf7cb91') in 0.018690 seconds
Number of updated asset objects reloaded before import = 0
Number of asset objects unloaded after import = 3
========================================================================
Received Import Request.
  Time since last request: 0.431933 seconds.
  path: Assets/OURSOURCE/cage__map/Thanh gỗ k lỗ/wood_7.png
  artifactKey: Guid(60a3ab8ac85fb464d9c1ebfa97eabec5) Importer(815301076,1909f56bfc062723c751e8b465ee728b)
Start importing Assets/OURSOURCE/cage__map/Thanh gỗ k lỗ/wood_7.png using Guid(60a3ab8ac85fb464d9c1ebfa97eabec5) Importer(815301076,1909f56bfc062723c751e8b465ee728b)  -> (artifact id: 'e19c23907fa045782e8c73ae725b66e4') in 0.020762 seconds
Number of updated asset objects reloaded before import = 0
Number of asset objects unloaded after import = 3
========================================================================
Received Import Request.
  Time since last request: 0.356025 seconds.
  path: Assets/OURSOURCE/cage__map/Thanh gỗ k lỗ/wood_8.png
  artifactKey: Guid(06543b27b408a864e964be257d0865f7) Importer(815301076,1909f56bfc062723c751e8b465ee728b)
Start importing Assets/OURSOURCE/cage__map/Thanh gỗ k lỗ/wood_8.png using Guid(06543b27b408a864e964be257d0865f7) Importer(815301076,1909f56bfc062723c751e8b465ee728b)  -> (artifact id: '869698e2d37c8ccc4b82eb4e0e8eee9f') in 0.019147 seconds
Number of updated asset objects reloaded before import = 0
Number of asset objects unloaded after import = 3
========================================================================
Received Import Request.
  Time since last request: 0.399566 seconds.
  path: Assets/OURSOURCE/cage__map/Thanh gỗ k lỗ/wood_9.png
  artifactKey: Guid(c7470d43e98a5024f894366749bd0ec9) Importer(815301076,1909f56bfc062723c751e8b465ee728b)
Start importing Assets/OURSOURCE/cage__map/Thanh gỗ k lỗ/wood_9.png using Guid(c7470d43e98a5024f894366749bd0ec9) Importer(815301076,1909f56bfc062723c751e8b465ee728b)  -> (artifact id: '2a137bd7b04245f8c4aa9c53fe3869c8') in 0.018490 seconds
Number of updated asset objects reloaded before import = 0
Number of asset objects unloaded after import = 3
========================================================================
Received Import Request.
  Time since last request: 0.399982 seconds.
  path: Assets/OURSOURCE/cage__map/Thanh gỗ k lỗ/wood_10.png
  artifactKey: Guid(f5706082c0f61fb4982ace752ad52341) Importer(815301076,1909f56bfc062723c751e8b465ee728b)
Start importing Assets/OURSOURCE/cage__map/Thanh gỗ k lỗ/wood_10.png using Guid(f5706082c0f61fb4982ace752ad52341) Importer(815301076,1909f56bfc062723c751e8b465ee728b)  -> (artifact id: '424e2eba5a2fdff7bf5ddbb609bc51fd') in 0.028983 seconds
Number of updated asset objects reloaded before import = 0
Number of asset objects unloaded after import = 3
========================================================================
Received Import Request.
  Time since last request: 0.336735 seconds.
  path: Assets/OURSOURCE/cage__map/Thanh gỗ k lỗ/wood_11.png
  artifactKey: Guid(5e2568b80b2b0904dbf3f31f64b750fb) Importer(815301076,1909f56bfc062723c751e8b465ee728b)
Start importing Assets/OURSOURCE/cage__map/Thanh gỗ k lỗ/wood_11.png using Guid(5e2568b80b2b0904dbf3f31f64b750fb) Importer(815301076,1909f56bfc062723c751e8b465ee728b)  -> (artifact id: '0c8d838459c30b8979be4f2a409657e5') in 0.017803 seconds
Number of updated asset objects reloaded before import = 0
Number of asset objects unloaded after import = 3
========================================================================
Received Import Request.
  Time since last request: 0.814388 seconds.
  path: Assets/OURSOURCE/cage__map/Thanh gỗ k lỗ/wood_12.png
  artifactKey: Guid(1ea7063c03d4d774cb09ba317b6984dc) Importer(815301076,1909f56bfc062723c751e8b465ee728b)
Start importing Assets/OURSOURCE/cage__map/Thanh gỗ k lỗ/wood_12.png using Guid(1ea7063c03d4d774cb09ba317b6984dc) Importer(815301076,1909f56bfc062723c751e8b465ee728b)  -> (artifact id: '7cc3232d19ef7f6c1fca27d879b406eb') in 0.019551 seconds
Number of updated asset objects reloaded before import = 0
Number of asset objects unloaded after import = 3
========================================================================
Received Import Request.
  Time since last request: 0.456156 seconds.
  path: Assets/OURSOURCE/cage__map/Thanh gỗ k lỗ/wood_13.png
  artifactKey: Guid(aa820b245ff5c0e4994273f567f20da7) Importer(815301076,1909f56bfc062723c751e8b465ee728b)
Start importing Assets/OURSOURCE/cage__map/Thanh gỗ k lỗ/wood_13.png using Guid(aa820b245ff5c0e4994273f567f20da7) Importer(815301076,1909f56bfc062723c751e8b465ee728b)  -> (artifact id: '2b65e5bc9f22fc70d3fc48f2a0fc0488') in 0.018881 seconds
Number of updated asset objects reloaded before import = 0
Number of asset objects unloaded after import = 3
========================================================================
Received Import Request.
  Time since last request: 0.269316 seconds.
  path: Assets/OURSOURCE/cage__map/Thanh gỗ k lỗ/wood_14.png
  artifactKey: Guid(aaf0e3d7814f4ba498e90cf966952f1f) Importer(815301076,1909f56bfc062723c751e8b465ee728b)
Start importing Assets/OURSOURCE/cage__map/Thanh gỗ k lỗ/wood_14.png using Guid(aaf0e3d7814f4ba498e90cf966952f1f) Importer(815301076,1909f56bfc062723c751e8b465ee728b)  -> (artifact id: '2541bca22b69d05cd483c3198710316b') in 0.018444 seconds
Number of updated asset objects reloaded before import = 0
Number of asset objects unloaded after import = 3
========================================================================
Received Import Request.
  Time since last request: 0.164557 seconds.
  path: Assets/OURSOURCE/cage__map/Thanh gỗ k lỗ/wood_15.png
  artifactKey: Guid(4154222d614e5f64dbaff19793bc84a8) Importer(815301076,1909f56bfc062723c751e8b465ee728b)
Start importing Assets/OURSOURCE/cage__map/Thanh gỗ k lỗ/wood_15.png using Guid(4154222d614e5f64dbaff19793bc84a8) Importer(815301076,1909f56bfc062723c751e8b465ee728b)  -> (artifact id: '3290cbbce9336b33925d339f85b06dcf') in 0.017678 seconds
Number of updated asset objects reloaded before import = 0
Number of asset objects unloaded after import = 3
========================================================================
Received Import Request.
  Time since last request: 0.211862 seconds.
  path: Assets/OURSOURCE/cage__map/Thanh gỗ k lỗ/wood_16.png
  artifactKey: Guid(8328473416ab0e5438196817cef9c30b) Importer(815301076,1909f56bfc062723c751e8b465ee728b)
Start importing Assets/OURSOURCE/cage__map/Thanh gỗ k lỗ/wood_16.png using Guid(8328473416ab0e5438196817cef9c30b) Importer(815301076,1909f56bfc062723c751e8b465ee728b)  -> (artifact id: '3e35802d76aa38cb392e4501d214265d') in 0.021381 seconds
Number of updated asset objects reloaded before import = 0
Number of asset objects unloaded after import = 3
========================================================================
Received Import Request.
  Time since last request: 0.361379 seconds.
  path: Assets/OURSOURCE/cage__map/Thanh gỗ k lỗ/wood_17.png
  artifactKey: Guid(90df3b86f5c47fe41a8f6bf357474455) Importer(815301076,1909f56bfc062723c751e8b465ee728b)
Start importing Assets/OURSOURCE/cage__map/Thanh gỗ k lỗ/wood_17.png using Guid(90df3b86f5c47fe41a8f6bf357474455) Importer(815301076,1909f56bfc062723c751e8b465ee728b)  -> (artifact id: '82f826bf2a4c9c1c476121b06f49c8d3') in 0.025137 seconds
Number of updated asset objects reloaded before import = 0
Number of asset objects unloaded after import = 3
========================================================================
Received Import Request.
  Time since last request: 0.518119 seconds.
  path: Assets/OURSOURCE/cage__map/Thanh gỗ k lỗ/wood_18.png
  artifactKey: Guid(b3c5fb06c5f0231478558aaac59f6d9c) Importer(815301076,1909f56bfc062723c751e8b465ee728b)
Start importing Assets/OURSOURCE/cage__map/Thanh gỗ k lỗ/wood_18.png using Guid(b3c5fb06c5f0231478558aaac59f6d9c) Importer(815301076,1909f56bfc062723c751e8b465ee728b)  -> (artifact id: 'c5a5c24b59b68c72a652bd1a6e9a3930') in 0.011910 seconds
Number of updated asset objects reloaded before import = 0
Number of asset objects unloaded after import = 3
========================================================================
Received Import Request.
  Time since last request: 0.372248 seconds.
  path: Assets/OURSOURCE/cage__map/Thanh gỗ k lỗ/wood_19.png
  artifactKey: Guid(21c49979c6809e547bef67068d72b34c) Importer(815301076,1909f56bfc062723c751e8b465ee728b)
Start importing Assets/OURSOURCE/cage__map/Thanh gỗ k lỗ/wood_19.png using Guid(21c49979c6809e547bef67068d72b34c) Importer(815301076,1909f56bfc062723c751e8b465ee728b)  -> (artifact id: '515135b06f50a144691b6e76756d2821') in 0.017094 seconds
Number of updated asset objects reloaded before import = 0
Number of asset objects unloaded after import = 3
========================================================================
Received Import Request.
  Time since last request: 0.210262 seconds.
  path: Assets/OURSOURCE/cage__map/Thanh gỗ k lỗ/wood_20.png
  artifactKey: Guid(c605389b006a6b44682e6c799d22e24d) Importer(815301076,1909f56bfc062723c751e8b465ee728b)
Start importing Assets/OURSOURCE/cage__map/Thanh gỗ k lỗ/wood_20.png using Guid(c605389b006a6b44682e6c799d22e24d) Importer(815301076,1909f56bfc062723c751e8b465ee728b)  -> (artifact id: '4b4cb7153d9469b57809e501584e9ee8') in 0.017430 seconds
Number of updated asset objects reloaded before import = 0
Number of asset objects unloaded after import = 3
========================================================================
Received Import Request.
  Time since last request: 0.167299 seconds.
  path: Assets/OURSOURCE/cage__map/Thanh gỗ k lỗ/wood_21.png
  artifactKey: Guid(6604b52a087c5664bba94bea6dd58eb4) Importer(815301076,1909f56bfc062723c751e8b465ee728b)
Start importing Assets/OURSOURCE/cage__map/Thanh gỗ k lỗ/wood_21.png using Guid(6604b52a087c5664bba94bea6dd58eb4) Importer(815301076,1909f56bfc062723c751e8b465ee728b)  -> (artifact id: '26eec3c7ac0eb07f6ac2340cd0858e3e') in 0.017304 seconds
Number of updated asset objects reloaded before import = 0
Number of asset objects unloaded after import = 3
========================================================================
Received Import Request.
  Time since last request: 2.063172 seconds.
  path: Assets/OURSOURCE/cage__map/Thanh gỗ k lỗ/wood_41.png
  artifactKey: Guid(fa951288876e9fb46bfb36dada4d5157) Importer(815301076,1909f56bfc062723c751e8b465ee728b)
Start importing Assets/OURSOURCE/cage__map/Thanh gỗ k lỗ/wood_41.png using Guid(fa951288876e9fb46bfb36dada4d5157) Importer(815301076,1909f56bfc062723c751e8b465ee728b)  -> (artifact id: 'a3cfea62a02fa21fd670677d00c07afe') in 0.018575 seconds
Number of updated asset objects reloaded before import = 0
Number of asset objects unloaded after import = 3
========================================================================
Received Import Request.
  Time since last request: 2.099800 seconds.
  path: Assets/OURSOURCE/cage__map/Thanh gỗ k lỗ/wood_31.png
  artifactKey: Guid(6c8899332478faf4e9b5d9ef0d23bd51) Importer(815301076,1909f56bfc062723c751e8b465ee728b)
Start importing Assets/OURSOURCE/cage__map/Thanh gỗ k lỗ/wood_31.png using Guid(6c8899332478faf4e9b5d9ef0d23bd51) Importer(815301076,1909f56bfc062723c751e8b465ee728b)  -> (artifact id: '2e631698aa02573090315e89d07eb7f5') in 0.017847 seconds
Number of updated asset objects reloaded before import = 0
Number of asset objects unloaded after import = 3
========================================================================
Received Import Request.
  Time since last request: 0.561183 seconds.
  path: Assets/OURSOURCE/cage__map/Thanh gỗ k lỗ/wood_30.png
  artifactKey: Guid(2611cf85e0bdb7842abadbe1902780c5) Importer(815301076,1909f56bfc062723c751e8b465ee728b)
Start importing Assets/OURSOURCE/cage__map/Thanh gỗ k lỗ/wood_30.png using Guid(2611cf85e0bdb7842abadbe1902780c5) Importer(815301076,1909f56bfc062723c751e8b465ee728b)  -> (artifact id: '62482e46f1eea14799798d9f1b3e8f17') in 0.018312 seconds
Number of updated asset objects reloaded before import = 0
Number of asset objects unloaded after import = 3
========================================================================
Received Import Request.
  Time since last request: 0.547279 seconds.
  path: Assets/OURSOURCE/cage__map/Thanh gỗ k lỗ/wood_29.png
  artifactKey: Guid(bde1aeb06661ced44979d5638e93abf9) Importer(815301076,1909f56bfc062723c751e8b465ee728b)
Start importing Assets/OURSOURCE/cage__map/Thanh gỗ k lỗ/wood_29.png using Guid(bde1aeb06661ced44979d5638e93abf9) Importer(815301076,1909f56bfc062723c751e8b465ee728b)  -> (artifact id: '66da8caa4087e5f8291ab1df67a59ced') in 0.017062 seconds
Number of updated asset objects reloaded before import = 0
Number of asset objects unloaded after import = 3
========================================================================
Received Import Request.
  Time since last request: 0.591346 seconds.
  path: Assets/OURSOURCE/cage__map/Thanh gỗ k lỗ/wood_28.png
  artifactKey: Guid(ea069ed07298c8e4984453d225a9b60c) Importer(815301076,1909f56bfc062723c751e8b465ee728b)
Start importing Assets/OURSOURCE/cage__map/Thanh gỗ k lỗ/wood_28.png using Guid(ea069ed07298c8e4984453d225a9b60c) Importer(815301076,1909f56bfc062723c751e8b465ee728b)  -> (artifact id: 'a9e9120300e17f9c82dc0f50c18f080b') in 0.016979 seconds
Number of updated asset objects reloaded before import = 0
Number of asset objects unloaded after import = 3
========================================================================
Received Import Request.
  Time since last request: 2.613366 seconds.
  path: Assets/OURSOURCE/cage__map/Thanh gỗ k lỗ/wood_35.png
  artifactKey: Guid(6b8bb504ac476d4449ae660281bc64a7) Importer(815301076,1909f56bfc062723c751e8b465ee728b)
Start importing Assets/OURSOURCE/cage__map/Thanh gỗ k lỗ/wood_35.png using Guid(6b8bb504ac476d4449ae660281bc64a7) Importer(815301076,1909f56bfc062723c751e8b465ee728b)  -> (artifact id: 'bcd751a7f705fb989a236ae2c6927b11') in 0.017387 seconds
Number of updated asset objects reloaded before import = 0
Number of asset objects unloaded after import = 3
========================================================================
Received Import Request.
  Time since last request: 1000.254894 seconds.
  path: Assets/OURSOURCE/cage__map/Thanh gỗ k lỗ/wood_long.png
  artifactKey: Guid(23e499a1330a43f458d4dbcdf1140f15) Importer(815301076,1909f56bfc062723c751e8b465ee728b)
Start importing Assets/OURSOURCE/cage__map/Thanh gỗ k lỗ/wood_long.png using Guid(23e499a1330a43f458d4dbcdf1140f15) Importer(815301076,1909f56bfc062723c751e8b465ee728b)  -> (artifact id: 'ac63ccad8481130c7813b0272cb492ef') in 0.016965 seconds
Number of updated asset objects reloaded before import = 0
Number of asset objects unloaded after import = 2
========================================================================
Received Import Request.
  Time since last request: 5.093719 seconds.
  path: Assets/OURSOURCE/cage__map/Thanh gỗ k lỗ/wood_long.png
  artifactKey: Guid(23e499a1330a43f458d4dbcdf1140f15) Importer(815301076,1909f56bfc062723c751e8b465ee728b)
Start importing Assets/OURSOURCE/cage__map/Thanh gỗ k lỗ/wood_long.png using Guid(23e499a1330a43f458d4dbcdf1140f15) Importer(815301076,1909f56bfc062723c751e8b465ee728b)  -> (artifact id: '25176d94a8262f8d2ee6b0a25f3bdbee') in 0.018047 seconds
Number of updated asset objects reloaded before import = 0
Number of asset objects unloaded after import = 3
========================================================================
Received Import Request.
  Time since last request: 250.569152 seconds.
  path: Assets/OURSOURCE/cage__map/Thanh gỗ k lỗ/wood_32.png
  artifactKey: Guid(30610caea4b879c41a8311f1ce9a41d8) Importer(815301076,1909f56bfc062723c751e8b465ee728b)
Start importing Assets/OURSOURCE/cage__map/Thanh gỗ k lỗ/wood_32.png using Guid(30610caea4b879c41a8311f1ce9a41d8) Importer(815301076,1909f56bfc062723c751e8b465ee728b)  -> (artifact id: 'fa7ffb53e8bc507dd1833de9bc14da82') in 0.023243 seconds
Number of updated asset objects reloaded before import = 0
Number of asset objects unloaded after import = 3
========================================================================
Received Import Request.
  Time since last request: 20.946092 seconds.
  path: Assets/OURSOURCE/cage__map/Thanh gỗ k lỗ/wood_22.png
  artifactKey: Guid(a420eeeda15cd1c4e847b4ef5e11fa92) Importer(815301076,1909f56bfc062723c751e8b465ee728b)
Start importing Assets/OURSOURCE/cage__map/Thanh gỗ k lỗ/wood_22.png using Guid(a420eeeda15cd1c4e847b4ef5e11fa92) Importer(815301076,1909f56bfc062723c751e8b465ee728b)  -> (artifact id: '92b295a22b76b4b123692a6cb308bf65') in 0.018192 seconds
Number of updated asset objects reloaded before import = 0
Number of asset objects unloaded after import = 3
========================================================================
Received Import Request.
  Time since last request: 0.842556 seconds.
  path: Assets/OURSOURCE/cage__map/Thanh gỗ k lỗ/wood_23.png
  artifactKey: Guid(1fd332a471f6051428a945c291d29859) Importer(815301076,1909f56bfc062723c751e8b465ee728b)
Start importing Assets/OURSOURCE/cage__map/Thanh gỗ k lỗ/wood_23.png using Guid(1fd332a471f6051428a945c291d29859) Importer(815301076,1909f56bfc062723c751e8b465ee728b)  -> (artifact id: 'c9a952fa8d8424f55490d2e2b5a59d32') in 0.023728 seconds
Number of updated asset objects reloaded before import = 0
Number of asset objects unloaded after import = 3
========================================================================
Received Import Request.
  Time since last request: 2.159737 seconds.
  path: Assets/OURSOURCE/cage__map/Thanh gỗ k lỗ/wood_24.png
  artifactKey: Guid(492552b0113238b44a13368f1d92c932) Importer(815301076,1909f56bfc062723c751e8b465ee728b)
Start importing Assets/OURSOURCE/cage__map/Thanh gỗ k lỗ/wood_24.png using Guid(492552b0113238b44a13368f1d92c932) Importer(815301076,1909f56bfc062723c751e8b465ee728b)  -> (artifact id: 'd1451d0f08fdf071ab34627a5608667a') in 0.023418 seconds
Number of updated asset objects reloaded before import = 0
Number of asset objects unloaded after import = 3
========================================================================
Received Import Request.
  Time since last request: 1.155768 seconds.
  path: Assets/OURSOURCE/cage__map/Thanh gỗ k lỗ/wood_25.png
  artifactKey: Guid(02e990ff8247ac942ab20d158bf7a088) Importer(815301076,1909f56bfc062723c751e8b465ee728b)
Start importing Assets/OURSOURCE/cage__map/Thanh gỗ k lỗ/wood_25.png using Guid(02e990ff8247ac942ab20d158bf7a088) Importer(815301076,1909f56bfc062723c751e8b465ee728b)  -> (artifact id: '8349f99dea51065dc7a0ee4bba8003c3') in 0.010626 seconds
Number of updated asset objects reloaded before import = 0
Number of asset objects unloaded after import = 3
========================================================================
Received Import Request.
  Time since last request: 0.570502 seconds.
  path: Assets/OURSOURCE/cage__map/Thanh gỗ k lỗ/wood_26.png
  artifactKey: Guid(0158aa173330d764ba199ddd70b097cb) Importer(815301076,1909f56bfc062723c751e8b465ee728b)
Start importing Assets/OURSOURCE/cage__map/Thanh gỗ k lỗ/wood_26.png using Guid(0158aa173330d764ba199ddd70b097cb) Importer(815301076,1909f56bfc062723c751e8b465ee728b)  -> (artifact id: 'c5ad328e576971ae13aa6801f2311b90') in 0.016703 seconds
Number of updated asset objects reloaded before import = 0
Number of asset objects unloaded after import = 3
========================================================================
Received Import Request.
  Time since last request: 0.642280 seconds.
  path: Assets/OURSOURCE/cage__map/Thanh gỗ k lỗ/wood_27.png
  artifactKey: Guid(d1d8180ab659cf14b98ad32a091b94ce) Importer(815301076,1909f56bfc062723c751e8b465ee728b)
Start importing Assets/OURSOURCE/cage__map/Thanh gỗ k lỗ/wood_27.png using Guid(d1d8180ab659cf14b98ad32a091b94ce) Importer(815301076,1909f56bfc062723c751e8b465ee728b)  -> (artifact id: '30c585fc940e983c9f2a78e7461f32d9') in 0.022406 seconds
Number of updated asset objects reloaded before import = 0
Number of asset objects unloaded after import = 3
========================================================================
Received Import Request.
  Time since last request: 3.855003 seconds.
  path: Assets/OURSOURCE/cage__map/Thanh gỗ k lỗ/wood_34.png
  artifactKey: Guid(71057a4de819c76409febc052ade2e18) Importer(815301076,1909f56bfc062723c751e8b465ee728b)
Start importing Assets/OURSOURCE/cage__map/Thanh gỗ k lỗ/wood_34.png using Guid(71057a4de819c76409febc052ade2e18) Importer(815301076,1909f56bfc062723c751e8b465ee728b)  -> (artifact id: 'abef4cdaa493902fd02ca6ece88d4515') in 0.022016 seconds
Number of updated asset objects reloaded before import = 0
Number of asset objects unloaded after import = 3
========================================================================
Received Import Request.
  Time since last request: 0.840748 seconds.
  path: Assets/OURSOURCE/cage__map/Thanh gỗ k lỗ/wood_36.png
  artifactKey: Guid(411f202c5b3ee1c48be5016fdc8c5b1c) Importer(815301076,1909f56bfc062723c751e8b465ee728b)
Start importing Assets/OURSOURCE/cage__map/Thanh gỗ k lỗ/wood_36.png using Guid(411f202c5b3ee1c48be5016fdc8c5b1c) Importer(815301076,1909f56bfc062723c751e8b465ee728b)  -> (artifact id: '1e5b4aad4ba6814ebeb9a17e6b15b76c') in 0.021769 seconds
Number of updated asset objects reloaded before import = 0
Number of asset objects unloaded after import = 3
========================================================================
Received Import Request.
  Time since last request: 1.178054 seconds.
  path: Assets/OURSOURCE/cage__map/Thanh gỗ k lỗ/wood_37.png
  artifactKey: Guid(a6f0b61fab9d4de4e959d2755f65062e) Importer(815301076,1909f56bfc062723c751e8b465ee728b)
Start importing Assets/OURSOURCE/cage__map/Thanh gỗ k lỗ/wood_37.png using Guid(a6f0b61fab9d4de4e959d2755f65062e) Importer(815301076,1909f56bfc062723c751e8b465ee728b)  -> (artifact id: '8619ac73fd442bef8962b41feca45b02') in 0.021619 seconds
Number of updated asset objects reloaded before import = 0
Number of asset objects unloaded after import = 3
========================================================================
Received Import Request.
  Time since last request: 0.175756 seconds.
  path: Assets/OURSOURCE/cage__map/Thanh gỗ k lỗ/wood_38.png
  artifactKey: Guid(24deeb35470aafc42998415fcfa86016) Importer(815301076,1909f56bfc062723c751e8b465ee728b)
Start importing Assets/OURSOURCE/cage__map/Thanh gỗ k lỗ/wood_38.png using Guid(24deeb35470aafc42998415fcfa86016) Importer(815301076,1909f56bfc062723c751e8b465ee728b)  -> (artifact id: 'ca252478a0a5ec492748ad4e198e731d') in 0.100098 seconds
Number of updated asset objects reloaded before import = 0
Number of asset objects unloaded after import = 3
========================================================================
Received Import Request.
  Time since last request: 0.265143 seconds.
  path: Assets/OURSOURCE/cage__map/Thanh gỗ k lỗ/wood_39.png
  artifactKey: Guid(e30c7696e3732654cb80f9a3eecc5fe7) Importer(815301076,1909f56bfc062723c751e8b465ee728b)
Start importing Assets/OURSOURCE/cage__map/Thanh gỗ k lỗ/wood_39.png using Guid(e30c7696e3732654cb80f9a3eecc5fe7) Importer(815301076,1909f56bfc062723c751e8b465ee728b)  -> (artifact id: 'd9463c218d3e4200dd127d3d42c2e1d9') in 0.024264 seconds
Number of updated asset objects reloaded before import = 0
Number of asset objects unloaded after import = 3
========================================================================
Received Import Request.
  Time since last request: 0.335637 seconds.
  path: Assets/OURSOURCE/cage__map/Thanh gỗ k lỗ/wood_40.png
  artifactKey: Guid(4451ba7055861764cb13f3980b514745) Importer(815301076,1909f56bfc062723c751e8b465ee728b)
Start importing Assets/OURSOURCE/cage__map/Thanh gỗ k lỗ/wood_40.png using Guid(4451ba7055861764cb13f3980b514745) Importer(815301076,1909f56bfc062723c751e8b465ee728b)  -> (artifact id: '1bf5a63afd378d26ac6dadb22918bae4') in 0.022676 seconds
Number of updated asset objects reloaded before import = 0
Number of asset objects unloaded after import = 3
========================================================================
Received Import Request.
  Time since last request: 17.079280 seconds.
  path: Assets/OURSOURCE/cage__map/Thanh gỗ k lỗ/wood_short.png
  artifactKey: Guid(31a31260a3861c54cad1ed37de4f62a8) Importer(815301076,1909f56bfc062723c751e8b465ee728b)
Start importing Assets/OURSOURCE/cage__map/Thanh gỗ k lỗ/wood_short.png using Guid(31a31260a3861c54cad1ed37de4f62a8) Importer(815301076,1909f56bfc062723c751e8b465ee728b)  -> (artifact id: 'b59da4f066385debaa15dbf3f80b7c0b') in 0.014736 seconds
Number of updated asset objects reloaded before import = 0
Number of asset objects unloaded after import = 2
========================================================================
Received Import Request.
  Time since last request: 3.806523 seconds.
  path: Assets/OURSOURCE/cage__map/Thanh gỗ k lỗ/wood_short.png
  artifactKey: Guid(31a31260a3861c54cad1ed37de4f62a8) Importer(815301076,1909f56bfc062723c751e8b465ee728b)
Start importing Assets/OURSOURCE/cage__map/Thanh gỗ k lỗ/wood_short.png using Guid(31a31260a3861c54cad1ed37de4f62a8) Importer(815301076,1909f56bfc062723c751e8b465ee728b)  -> (artifact id: 'c01dc0fa95fcce526e30be3ca05bd1d2') in 0.017928 seconds
Number of updated asset objects reloaded before import = 0
Number of asset objects unloaded after import = 3
========================================================================
Received Import Request.
  Time since last request: 7526.931730 seconds.
  path: Assets/OURSOURCE/cage__map/Thanh gỗ k lỗ/goMoc.png
  artifactKey: Guid(faa6afdaa7e09a64581af0b10b352fd4) Importer(815301076,1909f56bfc062723c751e8b465ee728b)
Start importing Assets/OURSOURCE/cage__map/Thanh gỗ k lỗ/goMoc.png using Guid(faa6afdaa7e09a64581af0b10b352fd4) Importer(815301076,1909f56bfc062723c751e8b465ee728b)  -> (artifact id: '648061f886c56f83037ef263b24361f1') in 0.041212 seconds
Number of updated asset objects reloaded before import = 0
Number of asset objects unloaded after import = 2
========================================================================
Received Import Request.
  Time since last request: 2.900291 seconds.
  path: Assets/OURSOURCE/cage__map/Thanh gỗ k lỗ/goMoc.png
  artifactKey: Guid(faa6afdaa7e09a64581af0b10b352fd4) Importer(815301076,1909f56bfc062723c751e8b465ee728b)
Start importing Assets/OURSOURCE/cage__map/Thanh gỗ k lỗ/goMoc.png using Guid(faa6afdaa7e09a64581af0b10b352fd4) Importer(815301076,1909f56bfc062723c751e8b465ee728b)  -> (artifact id: '6a1149409177babd45bdb1003ce49448') in 0.021222 seconds
Number of updated asset objects reloaded before import = 0
Number of asset objects unloaded after import = 3
========================================================================
Received Import Request.
  Time since last request: 857.197508 seconds.
  path: Assets/OURSOURCE/cage__map/Thanh gỗ k lỗ
  artifactKey: Guid(9c023c7a7fa3b34469dbcaa742d4aeff) Importer(815301076,1909f56bfc062723c751e8b465ee728b)
Start importing Assets/OURSOURCE/cage__map/Thanh gỗ k lỗ using Guid(9c023c7a7fa3b34469dbcaa742d4aeff) Importer(815301076,1909f56bfc062723c751e8b465ee728b)  -> (artifact id: '7e51281b9050d7d9e9f861c91fb10ce0') in 0.000813 seconds
Number of updated asset objects reloaded before import = 0
Number of asset objects unloaded after import = 0
========================================================================
Received Import Request.
  Time since last request: 4.165316 seconds.
  path: Assets/OURSOURCE/cage__map/BG 169.png
  artifactKey: Guid(2b534662c751a17459471c2c320c325f) Importer(815301076,1909f56bfc062723c751e8b465ee728b)
Start importing Assets/OURSOURCE/cage__map/BG 169.png using Guid(2b534662c751a17459471c2c320c325f) Importer(815301076,1909f56bfc062723c751e8b465ee728b)  -> (artifact id: '51f7bfe951028254622047dce84d2f88') in 0.029402 seconds
Number of updated asset objects reloaded before import = 0
Number of asset objects unloaded after import = 2
========================================================================
Received Import Request.
  Time since last request: 0.774905 seconds.
  path: Assets/OURSOURCE/cage__map/object_board.png
  artifactKey: Guid(d4288da00272be44da2173cc282e3551) Importer(815301076,1909f56bfc062723c751e8b465ee728b)
Start importing Assets/OURSOURCE/cage__map/object_board.png using Guid(d4288da00272be44da2173cc282e3551) Importer(815301076,1909f56bfc062723c751e8b465ee728b)  -> (artifact id: 'c637979b8bf107e4500598d0372a8378') in 0.016148 seconds
Number of updated asset objects reloaded before import = 0
Number of asset objects unloaded after import = 2
========================================================================
Received Import Request.
  Time since last request: 4.490095 seconds.
  path: Assets/OURSOURCE/cage__map/object_board.png
  artifactKey: Guid(d4288da00272be44da2173cc282e3551) Importer(815301076,1909f56bfc062723c751e8b465ee728b)
Start importing Assets/OURSOURCE/cage__map/object_board.png using Guid(d4288da00272be44da2173cc282e3551) Importer(815301076,1909f56bfc062723c751e8b465ee728b)  -> (artifact id: '4a94a3e292cb100fb51f064943304bb4') in 0.033622 seconds
Number of updated asset objects reloaded before import = 0
Number of asset objects unloaded after import = 3
========================================================================
Received Import Request.
  Time since last request: 48.284063 seconds.
  path: Assets/OURSOURCE/cage__map/day xich.png
  artifactKey: Guid(891dde65885e2c1419984c6060f62581) Importer(815301076,1909f56bfc062723c751e8b465ee728b)
Start importing Assets/OURSOURCE/cage__map/day xich.png using Guid(891dde65885e2c1419984c6060f62581) Importer(815301076,1909f56bfc062723c751e8b465ee728b)  -> (artifact id: 'd630c3071b2938248504af8617ec8187') in 0.021317 seconds
Number of updated asset objects reloaded before import = 0
Number of asset objects unloaded after import = 3
========================================================================
Received Import Request.
  Time since last request: 0.403417 seconds.
  path: Assets/OURSOURCE/cage__map/day xich 2.png
  artifactKey: Guid(47b1f67315e4a4847842b48d986318bd) Importer(815301076,1909f56bfc062723c751e8b465ee728b)
Start importing Assets/OURSOURCE/cage__map/day xich 2.png using Guid(47b1f67315e4a4847842b48d986318bd) Importer(815301076,1909f56bfc062723c751e8b465ee728b)  -> (artifact id: '3c75e96b380c24b3af7a8c8a69c2c86d') in 0.022209 seconds
Number of updated asset objects reloaded before import = 0
Number of asset objects unloaded after import = 3
========================================================================
Received Import Request.
  Time since last request: 130.407134 seconds.
  path: Assets/OURSOURCE/cage__map/BG 169.png
  artifactKey: Guid(2b534662c751a17459471c2c320c325f) Importer(815301076,1909f56bfc062723c751e8b465ee728b)
Start importing Assets/OURSOURCE/cage__map/BG 169.png using Guid(2b534662c751a17459471c2c320c325f) Importer(815301076,1909f56bfc062723c751e8b465ee728b)  -> (artifact id: 'b8f5946536a24b726b81af99562de1d9') in 0.022165 seconds
Number of updated asset objects reloaded before import = 0
Number of asset objects unloaded after import = 3
========================================================================
Received Prepare
Begin MonoManager ReloadAssembly
- Loaded All Assemblies, in  5.207 seconds
Refreshing native plugins compatible for Editor in 4.51 ms, found 3 plugins.
Native extension for WindowsStandalone target not found
[Package Manager] Server::EnsureServerProcessIsRunning -- launch failed, reason: Unity was launched with the -noUpm command-line argument
[Package Manager] UpmClient::Send -- Unable to send message (not connected to UPM process).
[Package Manager] Cannot connect to Unity Package Manager local server
Invalid AssetDatabase path: D:\Outsource_PlayableAds\SuperGame\2\NutsPuzzle\Assets\Spine\package.json. Use path relative to the project folder.
UnityEngine.StackTraceUtility:ExtractStackTrace ()
UnityEditor.AssetDatabase:LoadAssetAtPath<UnityEngine.TextAsset> (string)
 . ⁔:  ()
 .⁤:  ()
 .⁤:.cctor ()
System.Runtime.CompilerServices.RuntimeHelpers:RunClassConstructor (System.RuntimeTypeHandle)
UnityEditor.EditorAssemblies:ProcessInitializeOnLoadAttributes (System.Type[])

[C:\build\output\unity\unity\Modules\AssetDatabase\Editor\ScriptBindings\AssetDatabase.bindings.h line 45]

[Package Manager] Server::EnsureServerProcessIsRunning -- launch failed, reason: Unity was launched with the -noUpm command-line argument
[Package Manager] UpmClient::Send -- Unable to send message (not connected to UPM process).
[Package Manager] Cannot connect to Unity Package Manager local server
Failed to sync packages list
UnityEngine.StackTraceUtility:ExtractStackTrace ()
UnityEngine.DebugLogHandler:LogFormat (UnityEngine.LogType,UnityEngine.Object,string,object[])
UnityEngine.Logger:Log (UnityEngine.LogType,object)
UnityEngine.Debug:LogWarning (object)
 .  / :MoveNext ()
System.Runtime.CompilerServices.AsyncTaskMethodBuilder:Start< .  / > ( .  / &)
 .  :  ()
 .⁤/ :MoveNext ()
System.Runtime.CompilerServices.AsyncTaskMethodBuilder:Start< .⁤/ > ( .⁤/ &)
 .⁤:  ()
System.Reflection.RuntimeMethodInfo:Invoke (object,System.Reflection.BindingFlags,System.Reflection.Binder,object[],System.Globalization.CultureInfo)
System.Reflection.MethodBase:Invoke (object,object[])
UnityEditor.EditorAssemblies:ProcessInitializeOnLoadMethodAttributes ()

Mono: successfully reloaded assembly
- Finished resetting the current domain, in 12.200 seconds
Domain Reload Profiling: 17407ms
	BeginReloadAssembly (376ms)
		ExecutionOrderSort (0ms)
		DisableScriptedObjects (15ms)
		BackupInstance (0ms)
		ReleaseScriptingObjects (0ms)
		CreateAndSetChildDomain (148ms)
	RebuildCommonClasses (154ms)
	RebuildNativeTypeToScriptingClass (14ms)
	initialDomainReloadingComplete (39ms)
	LoadAllAssembliesAndSetupDomain (4624ms)
		LoadAssemblies (4746ms)
		RebuildTransferFunctionScriptingTraits (0ms)
		AnalyzeDomain (25ms)
			TypeCache.Refresh (9ms)
				TypeCache.ScanAssembly (0ms)
			ScanForSourceGeneratedMonoScriptInfo (0ms)
			ResolveRequiredComponents (14ms)
	FinalizeReload (12201ms)
		ReleaseScriptCaches (0ms)
		RebuildScriptCaches (0ms)
		SetupLoadedEditorAssemblies (899ms)
			LogAssemblyErrors (0ms)
			InitializePlatformSupportModulesInManaged (9ms)
			SetLoadedEditorAssemblies (7ms)
			RefreshPlugins (0ms)
			BeforeProcessingInitializeOnLoad (159ms)
			ProcessInitializeOnLoadAttributes (655ms)
			ProcessInitializeOnLoadMethodAttributes (65ms)
			AfterProcessingInitializeOnLoad (4ms)
			EditorAssembliesLoaded (0ms)
		ExecutionOrderSort2 (0ms)
		AwakeInstancesAfterBackupRestoration (8ms)
Refreshing native plugins compatible for Editor in 4.15 ms, found 3 plugins.
Preloading 0 native plugins for Editor in 0.00 ms.
Release of invalid GC handle. The handle is from a previous domain. The release operation is skipped.
Unloading 3389 Unused Serialized files (Serialized files now loaded: 0)
Release of invalid GC handle native callstack: 
0x00007ff787095cfd (Unity) StackWalker::GetCurrentCallstack
0x00007ff78709adc9 (Unity) StackWalker::ShowCallstack
0x00007ff788073ad1 (Unity) GetStacktrace
0x00007ff786f933dd (Unity) ScriptingGCHandle::ReleaseAndClear
0x00007ff787553e9c (Unity) UploadHandlerRaw::`vector deleting destructor'
0x00007ff7875549dd (Unity) UploadHandler::Release
0x00007ff7875514ad (Unity) UnityWebRequestProto<UnityWebRequestTransport,AtomicRefCounter,RedirectHelper,ResponseHelper,DownloadHandler,UploadHandler,CertificateHandler,HeaderHelper,AsyncOperation>::~UnityWebRequestProto<UnityWebRequestTransport,AtomicRefCounter,RedirectHelper,ResponseHelper,DownloadHandler,UploadHandler,CertificateHandler,HeaderHelper,AsyncOperation>
0x00007ff7875517a6 (Unity) UnityWebRequest::`vector deleting destructor'
0x00007ff7862b3217 (Unity) UnityWebRequestProto<UnityWebRequestTransport,AtomicRefCounter,RedirectHelper,ResponseHelper,DownloadHandler,UploadHandler,CertificateHandler,HeaderHelper,AsyncOperation>::Release
0x00007ff787553015 (Unity) UnityWebRequestAsyncOperation::InvokeCoroutine
0x00007ff7875531f1 (Unity) UnityWebRequestProto<UnityWebRequestTransport,AtomicRefCounter,RedirectHelper,ResponseHelper,DownloadHandler,UploadHandler,CertificateHandler,HeaderHelper,AsyncOperation>::Job_InvokeCoroutine
0x00007ff786bc11aa (Unity) BackgroundJobQueue::ExecuteMainThreadJobs
0x00007ff786c73ddf (Unity) PreloadManager::WaitForAllAsyncOperationsToComplete
0x00007ff78841a104 (Unity) <lambda_b37b41f03089e3cb3f55061bbc93253d>::operator()
0x00007ff7884543d2 (Unity) asio::detail::completion_handler<core::mutable_function<void __cdecl(void)>,asio::io_context::basic_executor_type<std::allocator<void>,0> >::do_complete
0x00007ff78844037e (Unity) asio::detail::win_iocp_io_context::do_one
0x00007ff788441fe4 (Unity) asio::detail::win_iocp_io_context::run
0x00007ff78845277c (Unity) IOService::Run
0x00007ff7884262df (Unity) AssetImportWorkerClient::Run
0x00007ff7883f1217 (Unity) RunAssetImportWorkerClientV2
0x00007ff7883f129b (Unity) RunAssetImporterV2
0x00007ff787bf2591 (Unity) Application::InitializeProject
0x00007ff78807e2b5 (Unity) WinMain
0x00007ff78945e0ae (Unity) __scrt_common_main_seh
0x00007ffe6a6b7374 (KERNEL32) BaseThreadInitThunk
0x00007ffe6badcc91 (ntdll) RtlUserThreadStart
Unloading 49 unused Assets / (1.3 MB). Loaded Objects now: 3990.
Memory consumption went from 89.2 MB to 87.9 MB.
Total: 5.768000 ms (FindLiveObjects: 0.360800 ms CreateObjectMapping: 0.101900 ms MarkObjects: 4.430300 ms  DeleteObjects: 0.874100 ms)

Prepare: number of updated asset objects reloaded= 0
AssetImportParameters requested are different than current active one (requested -> active):
  custom:container-demuxer-ogg: 62fdf1f143b41e24485cea50d1cbac27 -> 
  custom:video-decoder-ogg-theora: a1e56fd34408186e4bbccfd4996cb3dc -> 
  custom:framework-win-MediaFoundation: 216162199b28c13a410421893ffa2e32 -> 
  custom:CustomObjectIndexerAttribute: 6d391050e5a25f67b0a2c618074f2cd9 -> 
  custom:container-demuxer-webm: 4f35f7cbe854078d1ac9338744f61a02 -> 
  custom:container-muxer-webm: aa71ff27fc2769a1b78a27578f13a17b -> 
  custom:video-decoder-webm-vp8: 9c59270c3fd7afecdb556c50c9e8de78 -> 
  custom:SearchIndexIgnoredProperties: e643bd26f0fe6173181afceb89e7c659 -> 
  custom:AudioImporter_EditorPlatform: d09bf68614088b80899f8185d706f6e7 -> 
  custom:video-encoder-webm-vp8: eb34c28f22e8b96e1ab97ce403110664 -> 
  custom:audio-decoder-ogg-vorbis: bf7c407c2cedff20999df2af8eb42d56 -> 
  custom:audio-encoder-webm-vorbis: bf7c407c2cedff20999df2af8eb42d56 -> 
========================================================================
Received Import Request.
  Time since last request: 830.258853 seconds.
  path: Assets/Scenes/Oursource_4.unity
  artifactKey: Guid(8bf96e7e9c8c4094dba4d1fe9726b945) Importer(815301076,1909f56bfc062723c751e8b465ee728b)
Start importing Assets/Scenes/Oursource_4.unity using Guid(8bf96e7e9c8c4094dba4d1fe9726b945) Importer(815301076,1909f56bfc062723c751e8b465ee728b)  -> (artifact id: '7ca15074287358b1cc117503cc65164c') in 0.009391 seconds
Number of updated asset objects reloaded before import = 0
Number of asset objects unloaded after import = 0
========================================================================
Received Prepare
Begin MonoManager ReloadAssembly
- Loaded All Assemblies, in  0.639 seconds
Refreshing native plugins compatible for Editor in 4.97 ms, found 3 plugins.
Native extension for WindowsStandalone target not found
[Package Manager] Server::EnsureServerProcessIsRunning -- launch failed, reason: Unity was launched with the -noUpm command-line argument
[Package Manager] UpmClient::Send -- Unable to send message (not connected to UPM process).
[Package Manager] Cannot connect to Unity Package Manager local server
Invalid AssetDatabase path: D:\Outsource_PlayableAds\SuperGame\2\NutsPuzzle\Assets\Spine\package.json. Use path relative to the project folder.
UnityEngine.StackTraceUtility:ExtractStackTrace ()
UnityEditor.AssetDatabase:LoadAssetAtPath<UnityEngine.TextAsset> (string)
 . ⁔:  ()
 .⁤:  ()
 .⁤:.cctor ()
System.Runtime.CompilerServices.RuntimeHelpers:RunClassConstructor (System.RuntimeTypeHandle)
UnityEditor.EditorAssemblies:ProcessInitializeOnLoadAttributes (System.Type[])

[C:\build\output\unity\unity\Modules\AssetDatabase\Editor\ScriptBindings\AssetDatabase.bindings.h line 45]

[Package Manager] Server::EnsureServerProcessIsRunning -- launch failed, reason: Unity was launched with the -noUpm command-line argument
[Package Manager] UpmClient::Send -- Unable to send message (not connected to UPM process).
[Package Manager] Cannot connect to Unity Package Manager local server
Failed to sync packages list
UnityEngine.StackTraceUtility:ExtractStackTrace ()
UnityEngine.DebugLogHandler:LogFormat (UnityEngine.LogType,UnityEngine.Object,string,object[])
UnityEngine.Logger:Log (UnityEngine.LogType,object)
UnityEngine.Debug:LogWarning (object)
 .  / :MoveNext ()
System.Runtime.CompilerServices.AsyncTaskMethodBuilder:Start< .  / > ( .  / &)
 .  :  ()
 .⁤/ :MoveNext ()
System.Runtime.CompilerServices.AsyncTaskMethodBuilder:Start< .⁤/ > ( .⁤/ &)
 .⁤:  ()
System.Reflection.RuntimeMethodInfo:Invoke (object,System.Reflection.BindingFlags,System.Reflection.Binder,object[],System.Globalization.CultureInfo)
System.Reflection.MethodBase:Invoke (object,object[])
UnityEditor.EditorAssemblies:ProcessInitializeOnLoadMethodAttributes ()

Mono: successfully reloaded assembly
- Finished resetting the current domain, in  1.437 seconds
Domain Reload Profiling: 2076ms
	BeginReloadAssembly (192ms)
		ExecutionOrderSort (0ms)
		DisableScriptedObjects (7ms)
		BackupInstance (0ms)
		ReleaseScriptingObjects (0ms)
		CreateAndSetChildDomain (49ms)
	RebuildCommonClasses (48ms)
	RebuildNativeTypeToScriptingClass (17ms)
	initialDomainReloadingComplete (32ms)
	LoadAllAssembliesAndSetupDomain (350ms)
		LoadAssemblies (432ms)
		RebuildTransferFunctionScriptingTraits (0ms)
		AnalyzeDomain (17ms)
			TypeCache.Refresh (6ms)
				TypeCache.ScanAssembly (0ms)
			ScanForSourceGeneratedMonoScriptInfo (0ms)
			ResolveRequiredComponents (9ms)
	FinalizeReload (1438ms)
		ReleaseScriptCaches (0ms)
		RebuildScriptCaches (0ms)
		SetupLoadedEditorAssemblies (876ms)
			LogAssemblyErrors (0ms)
			InitializePlatformSupportModulesInManaged (7ms)
			SetLoadedEditorAssemblies (7ms)
			RefreshPlugins (0ms)
			BeforeProcessingInitializeOnLoad (152ms)
			ProcessInitializeOnLoadAttributes (628ms)
			ProcessInitializeOnLoadMethodAttributes (77ms)
			AfterProcessingInitializeOnLoad (4ms)
			EditorAssembliesLoaded (0ms)
		ExecutionOrderSort2 (0ms)
		AwakeInstancesAfterBackupRestoration (9ms)
Refreshing native plugins compatible for Editor in 3.84 ms, found 3 plugins.
Preloading 0 native plugins for Editor in 0.00 ms.
Release of invalid GC handle. The handle is from a previous domain. The release operation is skipped.
Release of invalid GC handle native callstack: 
0x00007ff787095cfd (Unity) StackWalker::GetCurrentCallstack
0x00007ff78709adc9 (Unity) StackWalker::ShowCallstack
0x00007ff788073ad1 (Unity) GetStacktrace
0x00007ff786f933dd (Unity) ScriptingGCHandle::ReleaseAndClear
0x00007ff787553e9c (Unity) UploadHandlerRaw::`vector deleting destructor'
0x00007ff7875549dd (Unity) UploadHandler::Release
0x00007ff7875514ad (Unity) UnityWebRequestProto<UnityWebRequestTransport,AtomicRefCounter,RedirectHelper,ResponseHelper,DownloadHandler,UploadHandler,CertificateHandler,HeaderHelper,AsyncOperation>::~UnityWebRequestProto<UnityWebRequestTransport,AtomicRefCounter,RedirectHelper,ResponseHelper,DownloadHandler,UploadHandler,CertificateHandler,HeaderHelper,AsyncOperation>
0x00007ff7875517a6 (Unity) UnityWebRequest::`vector deleting destructor'
0x00007ff7862b3217 (Unity) UnityWebRequestProto<UnityWebRequestTransport,AtomicRefCounter,RedirectHelper,ResponseHelper,DownloadHandler,UploadHandler,CertificateHandler,HeaderHelper,AsyncOperation>::Release
0x00007ff787553015 (Unity) UnityWebRequestAsyncOperation::InvokeCoroutine
0x00007ff7875531f1 (Unity) UnityWebRequestProto<UnityWebRequestTransport,AtomicRefCounter,RedirectHelper,ResponseHelper,DownloadHandler,UploadHandler,CertificateHandler,HeaderHelper,AsyncOperation>::Job_InvokeCoroutine
0x00007ff786bc11aa (Unity) BackgroundJobQueue::ExecuteMainThreadJobs
0x00007ff786c73ddf (Unity) PreloadManager::WaitForAllAsyncOperationsToComplete
0x00007ff78841a104 (Unity) <lambda_b37b41f03089e3cb3f55061bbc93253d>::operator()
0x00007ff7884543d2 (Unity) asio::detail::completion_handler<core::mutable_function<void __cdecl(void)>,asio::io_context::basic_executor_type<std::allocator<void>,0> >::do_complete
0x00007ff78844037e (Unity) asio::detail::win_iocp_io_context::do_one
0x00007ff788441fe4 (Unity) asio::detail::win_iocp_io_context::run
0x00007ff78845277c (Unity) IOService::Run
0x00007ff7884262df (Unity) AssetImportWorkerClient::Run
0x00007ff7883f1217 (Unity) RunAssetImportWorkerClientV2
0x00007ff7883f129b (Unity) RunAssetImporterV2
0x00007ff787bf2591 (Unity) Application::InitializeProject
0x00007ff78807e2b5 (Unity) WinMain
0x00007ff78945e0ae (Unity) __scrt_common_main_seh
0x00007ffe6a6b7374 (KERNEL32) BaseThreadInitThunk
0x00007ffe6badcc91 (ntdll) RtlUserThreadStart
Unloading 3389 Unused Serialized files (Serialized files now loaded: 0)
Unloading 49 unused Assets / (1.3 MB). Loaded Objects now: 3995.
Memory consumption went from 146.9 MB to 145.7 MB.
Total: 6.665300 ms (FindLiveObjects: 0.393300 ms CreateObjectMapping: 0.462900 ms MarkObjects: 4.662600 ms  DeleteObjects: 1.145200 ms)

Prepare: number of updated asset objects reloaded= 0
AssetImportParameters requested are different than current active one (requested -> active):
  custom:container-demuxer-ogg: 62fdf1f143b41e24485cea50d1cbac27 -> 
  custom:video-decoder-ogg-theora: a1e56fd34408186e4bbccfd4996cb3dc -> 
  custom:framework-win-MediaFoundation: 216162199b28c13a410421893ffa2e32 -> 
  custom:CustomObjectIndexerAttribute: 6d391050e5a25f67b0a2c618074f2cd9 -> 
  custom:container-demuxer-webm: 4f35f7cbe854078d1ac9338744f61a02 -> 
  custom:container-muxer-webm: aa71ff27fc2769a1b78a27578f13a17b -> 
  custom:video-decoder-webm-vp8: 9c59270c3fd7afecdb556c50c9e8de78 -> 
  custom:SearchIndexIgnoredProperties: e643bd26f0fe6173181afceb89e7c659 -> 
  custom:AudioImporter_EditorPlatform: d09bf68614088b80899f8185d706f6e7 -> 
  custom:video-encoder-webm-vp8: eb34c28f22e8b96e1ab97ce403110664 -> 
  custom:audio-decoder-ogg-vorbis: bf7c407c2cedff20999df2af8eb42d56 -> 
  custom:audio-encoder-webm-vorbis: bf7c407c2cedff20999df2af8eb42d56 -> 
========================================================================
Received Prepare
Begin MonoManager ReloadAssembly
- Loaded All Assemblies, in  0.608 seconds
Refreshing native plugins compatible for Editor in 3.71 ms, found 3 plugins.
Native extension for WindowsStandalone target not found
[Package Manager] Server::EnsureServerProcessIsRunning -- launch failed, reason: Unity was launched with the -noUpm command-line argument
[Package Manager] UpmClient::Send -- Unable to send message (not connected to UPM process).
[Package Manager] Cannot connect to Unity Package Manager local server
Invalid AssetDatabase path: D:\Outsource_PlayableAds\SuperGame\2\NutsPuzzle\Assets\Spine\package.json. Use path relative to the project folder.
UnityEngine.StackTraceUtility:ExtractStackTrace ()
UnityEditor.AssetDatabase:LoadAssetAtPath<UnityEngine.TextAsset> (string)
 . ⁔:  ()
 .⁤:  ()
 .⁤:.cctor ()
System.Runtime.CompilerServices.RuntimeHelpers:RunClassConstructor (System.RuntimeTypeHandle)
UnityEditor.EditorAssemblies:ProcessInitializeOnLoadAttributes (System.Type[])

[C:\build\output\unity\unity\Modules\AssetDatabase\Editor\ScriptBindings\AssetDatabase.bindings.h line 45]

[Package Manager] Server::EnsureServerProcessIsRunning -- launch failed, reason: Unity was launched with the -noUpm command-line argument
[Package Manager] UpmClient::Send -- Unable to send message (not connected to UPM process).
[Package Manager] Cannot connect to Unity Package Manager local server
Failed to sync packages list
UnityEngine.StackTraceUtility:ExtractStackTrace ()
UnityEngine.DebugLogHandler:LogFormat (UnityEngine.LogType,UnityEngine.Object,string,object[])
UnityEngine.Logger:Log (UnityEngine.LogType,object)
UnityEngine.Debug:LogWarning (object)
 .  / :MoveNext ()
System.Runtime.CompilerServices.AsyncTaskMethodBuilder:Start< .  / > ( .  / &)
 .  :  ()
 .⁤/ :MoveNext ()
System.Runtime.CompilerServices.AsyncTaskMethodBuilder:Start< .⁤/ > ( .⁤/ &)
 .⁤:  ()
System.Reflection.RuntimeMethodInfo:Invoke (object,System.Reflection.BindingFlags,System.Reflection.Binder,object[],System.Globalization.CultureInfo)
System.Reflection.MethodBase:Invoke (object,object[])
UnityEditor.EditorAssemblies:ProcessInitializeOnLoadMethodAttributes ()

Mono: successfully reloaded assembly
- Finished resetting the current domain, in  1.463 seconds
Domain Reload Profiling: 2071ms
	BeginReloadAssembly (188ms)
		ExecutionOrderSort (0ms)
		DisableScriptedObjects (8ms)
		BackupInstance (0ms)
		ReleaseScriptingObjects (0ms)
		CreateAndSetChildDomain (43ms)
	RebuildCommonClasses (42ms)
	RebuildNativeTypeToScriptingClass (14ms)
	initialDomainReloadingComplete (32ms)
	LoadAllAssembliesAndSetupDomain (331ms)
		LoadAssemblies (417ms)
		RebuildTransferFunctionScriptingTraits (0ms)
		AnalyzeDomain (16ms)
			TypeCache.Refresh (6ms)
				TypeCache.ScanAssembly (0ms)
			ScanForSourceGeneratedMonoScriptInfo (0ms)
			ResolveRequiredComponents (7ms)
	FinalizeReload (1464ms)
		ReleaseScriptCaches (0ms)
		RebuildScriptCaches (0ms)
		SetupLoadedEditorAssemblies (885ms)
			LogAssemblyErrors (0ms)
			InitializePlatformSupportModulesInManaged (8ms)
			SetLoadedEditorAssemblies (7ms)
			RefreshPlugins (0ms)
			BeforeProcessingInitializeOnLoad (146ms)
			ProcessInitializeOnLoadAttributes (655ms)
			ProcessInitializeOnLoadMethodAttributes (66ms)
			AfterProcessingInitializeOnLoad (4ms)
			EditorAssembliesLoaded (0ms)
		ExecutionOrderSort2 (0ms)
		AwakeInstancesAfterBackupRestoration (8ms)
Refreshing native plugins compatible for Editor in 3.75 ms, found 3 plugins.
Preloading 0 native plugins for Editor in 0.00 ms.
Release of invalid GC handle. The handle is from a previous domain. The release operation is skipped.
Release of invalid GC handle native callstack: 
0x00007ff787095cfd (Unity) StackWalker::GetCurrentCallstack
0x00007ff78709adc9 (Unity) StackWalker::ShowCallstack
0x00007ff788073ad1 (Unity) GetStacktrace
0x00007ff786f933dd (Unity) ScriptingGCHandle::ReleaseAndClear
0x00007ff787553e9c (Unity) UploadHandlerRaw::`vector deleting destructor'
0x00007ff7875549dd (Unity) UploadHandler::Release
0x00007ff7875514ad (Unity) UnityWebRequestProto<UnityWebRequestTransport,AtomicRefCounter,RedirectHelper,ResponseHelper,DownloadHandler,UploadHandler,CertificateHandler,HeaderHelper,AsyncOperation>::~UnityWebRequestProto<UnityWebRequestTransport,AtomicRefCounter,RedirectHelper,ResponseHelper,DownloadHandler,UploadHandler,CertificateHandler,HeaderHelper,AsyncOperation>
0x00007ff7875517a6 (Unity) UnityWebRequest::`vector deleting destructor'
0x00007ff7862b3217 (Unity) UnityWebRequestProto<UnityWebRequestTransport,AtomicRefCounter,RedirectHelper,ResponseHelper,DownloadHandler,UploadHandler,CertificateHandler,HeaderHelper,AsyncOperation>::Release
0x00007ff787553015 (Unity) UnityWebRequestAsyncOperation::InvokeCoroutine
0x00007ff7875531f1 (Unity) UnityWebRequestProto<UnityWebRequestTransport,AtomicRefCounter,RedirectHelper,ResponseHelper,DownloadHandler,UploadHandler,CertificateHandler,HeaderHelper,AsyncOperation>::Job_InvokeCoroutine
0x00007ff786bc11aa (Unity) BackgroundJobQueue::ExecuteMainThreadJobs
0x00007ff786c73ddf (Unity) PreloadManager::WaitForAllAsyncOperationsToComplete
0x00007ff78841a104 (Unity) <lambda_b37b41f03089e3cb3f55061bbc93253d>::operator()
0x00007ff7884543d2 (Unity) asio::detail::completion_handler<core::mutable_function<void __cdecl(void)>,asio::io_context::basic_executor_type<std::allocator<void>,0> >::do_complete
0x00007ff78844037e (Unity) asio::detail::win_iocp_io_context::do_one
0x00007ff788441fe4 (Unity) asio::detail::win_iocp_io_context::run
0x00007ff78845277c (Unity) IOService::Run
0x00007ff7884262df (Unity) AssetImportWorkerClient::Run
0x00007ff7883f1217 (Unity) RunAssetImportWorkerClientV2
0x00007ff7883f129b (Unity) RunAssetImporterV2
0x00007ff787bf2591 (Unity) Application::InitializeProject
0x00007ff78807e2b5 (Unity) WinMain
0x00007ff78945e0ae (Unity) __scrt_common_main_seh
0x00007ffe6a6b7374 (KERNEL32) BaseThreadInitThunk
0x00007ffe6badcc91 (ntdll) RtlUserThreadStart
Unloading 3390 Unused Serialized files (Serialized files now loaded: 0)
Unloading 49 unused Assets / (1.4 MB). Loaded Objects now: 4000.
Memory consumption went from 149.4 MB to 148.0 MB.
Total: 5.773900 ms (FindLiveObjects: 0.336600 ms CreateObjectMapping: 0.094300 ms MarkObjects: 4.389000 ms  DeleteObjects: 0.952300 ms)

Prepare: number of updated asset objects reloaded= 0
AssetImportParameters requested are different than current active one (requested -> active):
  custom:container-demuxer-ogg: 62fdf1f143b41e24485cea50d1cbac27 -> 
  custom:video-decoder-ogg-theora: a1e56fd34408186e4bbccfd4996cb3dc -> 
  custom:framework-win-MediaFoundation: 216162199b28c13a410421893ffa2e32 -> 
  custom:CustomObjectIndexerAttribute: 6d391050e5a25f67b0a2c618074f2cd9 -> 
  custom:container-demuxer-webm: 4f35f7cbe854078d1ac9338744f61a02 -> 
  custom:container-muxer-webm: aa71ff27fc2769a1b78a27578f13a17b -> 
  custom:video-decoder-webm-vp8: 9c59270c3fd7afecdb556c50c9e8de78 -> 
  custom:SearchIndexIgnoredProperties: e643bd26f0fe6173181afceb89e7c659 -> 
  custom:AudioImporter_EditorPlatform: d09bf68614088b80899f8185d706f6e7 -> 
  custom:video-encoder-webm-vp8: eb34c28f22e8b96e1ab97ce403110664 -> 
  custom:audio-decoder-ogg-vorbis: bf7c407c2cedff20999df2af8eb42d56 -> 
  custom:audio-encoder-webm-vorbis: bf7c407c2cedff20999df2af8eb42d56 -> 
========================================================================
Received Import Request.
  Time since last request: 1199.474444 seconds.
  path: Assets/OURSOURCE/cage__map/BG gỗ nhạt màu.png
  artifactKey: Guid(b8375a3cde5891c42b85945d84d1ca3c) Importer(815301076,1909f56bfc062723c751e8b465ee728b)
Start importing Assets/OURSOURCE/cage__map/BG gỗ nhạt màu.png using Guid(b8375a3cde5891c42b85945d84d1ca3c) Importer(815301076,1909f56bfc062723c751e8b465ee728b)  -> (artifact id: '221bb17c14f42fc3aadb20521f7ac3fc') in 0.081846 seconds
Number of updated asset objects reloaded before import = 0
Number of asset objects unloaded after import = 3
========================================================================
Received Import Request.
  Time since last request: 280.755725 seconds.
  path: Assets/OURSOURCE/cage__map/effect/7670 shot.png
  artifactKey: Guid(00ef780aa1cca5b42a4666988f9a84af) Importer(815301076,1909f56bfc062723c751e8b465ee728b)
Start importing Assets/OURSOURCE/cage__map/effect/7670 shot.png using Guid(00ef780aa1cca5b42a4666988f9a84af) Importer(815301076,1909f56bfc062723c751e8b465ee728b)  -> (artifact id: 'a09e548d0eae2dfdba146b4da0770d30') in 0.016644 seconds
Number of updated asset objects reloaded before import = 0
Number of asset objects unloaded after import = 2
========================================================================
Received Import Request.
  Time since last request: 1.228359 seconds.
  path: Assets/OURSOURCE/cage__map/effect/7672 shot.png
  artifactKey: Guid(b7ade863ebd8f394e9a7853c28983a42) Importer(815301076,1909f56bfc062723c751e8b465ee728b)
Start importing Assets/OURSOURCE/cage__map/effect/7672 shot.png using Guid(b7ade863ebd8f394e9a7853c28983a42) Importer(815301076,1909f56bfc062723c751e8b465ee728b)  -> (artifact id: '7eb7e0ebe77f6507c686865394f38dec') in 0.017195 seconds
Number of updated asset objects reloaded before import = 0
Number of asset objects unloaded after import = 2
========================================================================
Received Import Request.
  Time since last request: 4.166657 seconds.
  path: Assets/OURSOURCE/cage__map/effect/7672 shot.png
  artifactKey: Guid(b7ade863ebd8f394e9a7853c28983a42) Importer(815301076,1909f56bfc062723c751e8b465ee728b)
Start importing Assets/OURSOURCE/cage__map/effect/7672 shot.png using Guid(b7ade863ebd8f394e9a7853c28983a42) Importer(815301076,1909f56bfc062723c751e8b465ee728b)  -> (artifact id: '627ca5fe5b9a05e86455dd6f48e9c620') in 0.021328 seconds
Number of updated asset objects reloaded before import = 0
Number of asset objects unloaded after import = 3
========================================================================
Received Import Request.
  Time since last request: 661.664595 seconds.
  path: Assets/OURSOURCE/cage__map/co_tien/co_tien_00002.png
  artifactKey: Guid(47f1eed8744f05b4884898d61bc168dd) Importer(815301076,1909f56bfc062723c751e8b465ee728b)
Start importing Assets/OURSOURCE/cage__map/co_tien/co_tien_00002.png using Guid(47f1eed8744f05b4884898d61bc168dd) Importer(815301076,1909f56bfc062723c751e8b465ee728b)  -> (artifact id: 'a092ce493a69892c7784f26c992205d4') in 0.022697 seconds
Number of updated asset objects reloaded before import = 0
Number of asset objects unloaded after import = 2
========================================================================
Received Import Request.
  Time since last request: 1.351965 seconds.
  path: Assets/OURSOURCE/cage__map/co_tien/co_tien_00039.png
  artifactKey: Guid(da61163da6ec53b47ae6c3324cbdec36) Importer(815301076,1909f56bfc062723c751e8b465ee728b)
Start importing Assets/OURSOURCE/cage__map/co_tien/co_tien_00039.png using Guid(da61163da6ec53b47ae6c3324cbdec36) Importer(815301076,1909f56bfc062723c751e8b465ee728b)  -> (artifact id: 'b2fdb6a48fdeb3a76a76cb6bccf82c27') in 0.017487 seconds
Number of updated asset objects reloaded before import = 0
Number of asset objects unloaded after import = 2
========================================================================
Received Import Request.
  Time since last request: 0.684298 seconds.
  path: Assets/OURSOURCE/cage__map/co_tien/co_tien_00009 - Copy.png
  artifactKey: Guid(07f58c6958de1fc43806e2b1cfabf058) Importer(815301076,1909f56bfc062723c751e8b465ee728b)
Start importing Assets/OURSOURCE/cage__map/co_tien/co_tien_00009 - Copy.png using Guid(07f58c6958de1fc43806e2b1cfabf058) Importer(815301076,1909f56bfc062723c751e8b465ee728b)  -> (artifact id: '9dba61df60de26ba2292870b0aab8fdc') in 0.017349 seconds
Number of updated asset objects reloaded before import = 0
Number of asset objects unloaded after import = 2
========================================================================
Received Import Request.
  Time since last request: 2.177325 seconds.
  path: Assets/OURSOURCE/cage__map/co_tien/co_tien_00017.png
  artifactKey: Guid(f3fe031f065f57641a0d0402e996a6e2) Importer(815301076,1909f56bfc062723c751e8b465ee728b)
Start importing Assets/OURSOURCE/cage__map/co_tien/co_tien_00017.png using Guid(f3fe031f065f57641a0d0402e996a6e2) Importer(815301076,1909f56bfc062723c751e8b465ee728b)  -> (artifact id: 'e22c703009fbf69c42399caa46b47424') in 0.017427 seconds
Number of updated asset objects reloaded before import = 0
Number of asset objects unloaded after import = 2
========================================================================
Received Import Request.
  Time since last request: 12.140088 seconds.
  path: Assets/OURSOURCE/cage__map/co_tien/co_tien_00017.png
  artifactKey: Guid(f3fe031f065f57641a0d0402e996a6e2) Importer(815301076,1909f56bfc062723c751e8b465ee728b)
Start importing Assets/OURSOURCE/cage__map/co_tien/co_tien_00017.png using Guid(f3fe031f065f57641a0d0402e996a6e2) Importer(815301076,1909f56bfc062723c751e8b465ee728b)  -> (artifact id: '0925f94d75bc29c7fb6278055d99f97b') in 0.051871 seconds
Number of updated asset objects reloaded before import = 0
Number of asset objects unloaded after import = 3
========================================================================
Received Import Request.
  Time since last request: 2.827307 seconds.
  path: Assets/OURSOURCE/cage__map/co_tien_buon/co_tien_buon_00000.png
  artifactKey: Guid(e35e9bf88bfcbdb4bbc311f5911ab8c9) Importer(815301076,1909f56bfc062723c751e8b465ee728b)
Start importing Assets/OURSOURCE/cage__map/co_tien_buon/co_tien_buon_00000.png using Guid(e35e9bf88bfcbdb4bbc311f5911ab8c9) Importer(815301076,1909f56bfc062723c751e8b465ee728b)  -> (artifact id: '4debe791c5e388161cd73438411e0a97') in 0.018003 seconds
Number of updated asset objects reloaded before import = 0
Number of asset objects unloaded after import = 2
========================================================================
Received Import Request.
  Time since last request: 2.235039 seconds.
  path: Assets/OURSOURCE/cage__map/co_tien_buon/co_tien_buon_00006.png
  artifactKey: Guid(6399ce5fd6d7fa64fbbe90dccfc54fea) Importer(815301076,1909f56bfc062723c751e8b465ee728b)
Start importing Assets/OURSOURCE/cage__map/co_tien_buon/co_tien_buon_00006.png using Guid(6399ce5fd6d7fa64fbbe90dccfc54fea) Importer(815301076,1909f56bfc062723c751e8b465ee728b)  -> (artifact id: 'b6694e45b3cd6d5c52b64b8df05d57c2') in 0.021647 seconds
Number of updated asset objects reloaded before import = 0
Number of asset objects unloaded after import = 2
========================================================================
Received Import Request.
  Time since last request: 20.253524 seconds.
  path: Assets/OURSOURCE/cage__map/co_tien_buon/co_tien_buon_00006.png
  artifactKey: Guid(6399ce5fd6d7fa64fbbe90dccfc54fea) Importer(815301076,1909f56bfc062723c751e8b465ee728b)
Start importing Assets/OURSOURCE/cage__map/co_tien_buon/co_tien_buon_00006.png using Guid(6399ce5fd6d7fa64fbbe90dccfc54fea) Importer(815301076,1909f56bfc062723c751e8b465ee728b)  -> (artifact id: '2f0724eaf5bfd8b623c48561d4c79ce4') in 0.025106 seconds
Number of updated asset objects reloaded before import = 0
Number of asset objects unloaded after import = 3
========================================================================
Received Import Request.
  Time since last request: 44.533445 seconds.
  path: Assets/OURSOURCE/cage__map/sounds
  artifactKey: Guid(2431ec6343843644f9a7008d547dab81) Importer(815301076,1909f56bfc062723c751e8b465ee728b)
Start importing Assets/OURSOURCE/cage__map/sounds using Guid(2431ec6343843644f9a7008d547dab81) Importer(815301076,1909f56bfc062723c751e8b465ee728b)  -> (artifact id: '054c52e748f553d716fc54c4418cfdbc') in 0.000644 seconds
Number of updated asset objects reloaded before import = 0
Number of asset objects unloaded after import = 0
========================================================================
Received Import Request.
  Time since last request: 39.267926 seconds.
  path: Assets/OURSOURCE/cage__map/co_tien.mov
  artifactKey: Guid(443252cfb8b96414d9aedeec93235b7f) Importer(815301076,1909f56bfc062723c751e8b465ee728b)
Start importing Assets/OURSOURCE/cage__map/co_tien.mov using Guid(443252cfb8b96414d9aedeec93235b7f) Importer(815301076,1909f56bfc062723c751e8b465ee728b)  -> (artifact id: 'eba0cca998459ef6a36c4dc5122afdfd') in 0.001761 seconds
Number of updated asset objects reloaded before import = 0
Number of asset objects unloaded after import = 1
========================================================================
Received Import Request.
  Time since last request: 1.275183 seconds.
  path: Assets/OURSOURCE/cage__map/co_tien_buon.mov
  artifactKey: Guid(0aa81c3b6ada99d40825ecafffc3c374) Importer(815301076,1909f56bfc062723c751e8b465ee728b)
Start importing Assets/OURSOURCE/cage__map/co_tien_buon.mov using Guid(0aa81c3b6ada99d40825ecafffc3c374) Importer(815301076,1909f56bfc062723c751e8b465ee728b)  -> (artifact id: 'e5e05b77a3cf21a13589888d9d4502b4') in 0.001153 seconds
Number of updated asset objects reloaded before import = 0
Number of asset objects unloaded after import = 1
